<?xml version="1.0" encoding="UTF-8"?>
<testsuite xmlns:xsi="http://www.w3.org/2001/XMLSchema-instance"
           xsi:noNamespaceSchemaLocation="https://maven.apache.org/surefire/maven-surefire-plugin/xsd/surefire-test-report.xsd"
           name="com.zberg.sample.chatbot.ChatCustomUiApplicationTests" time="2.829" tests="1" errors="0" skipped="0"
           failures="0">
    <properties>
        <property name="gopherProxySet" value="false"/>
        <property name="awt.toolkit" value="sun.lwawt.macosx.LWCToolkit"/>
        <property name="file.encoding.pkg" value="sun.io"/>
        <property name="java.specification.version" value="1.8"/>
        <property name="sun.cpu.isalist" value=""/>
        <property name="sun.jnu.encoding" value="UTF-8"/>
        <property name="java.class.path"
                  value="/Users/p15843/dev/git/custom/chat-custom-ui/target/test-classes:/Users/p15843/dev/git/custom/chat-custom-ui/target/classes:/Users/p15843/.m2/repository/org/springframework/boot/spring-boot-starter-web/2.1.4.RELEASE/spring-boot-starter-web-2.1.4.RELEASE.jar:/Users/p15843/.m2/repository/org/springframework/boot/spring-boot-starter/2.1.4.RELEASE/spring-boot-starter-2.1.4.RELEASE.jar:/Users/p15843/.m2/repository/org/springframework/boot/spring-boot-starter-logging/2.1.4.RELEASE/spring-boot-starter-logging-2.1.4.RELEASE.jar:/Users/p15843/.m2/repository/ch/qos/logback/logback-classic/1.2.3/logback-classic-1.2.3.jar:/Users/p15843/.m2/repository/ch/qos/logback/logback-core/1.2.3/logback-core-1.2.3.jar:/Users/p15843/.m2/repository/org/apache/logging/log4j/log4j-to-slf4j/2.11.2/log4j-to-slf4j-2.11.2.jar:/Users/p15843/.m2/repository/org/apache/logging/log4j/log4j-api/2.11.2/log4j-api-2.11.2.jar:/Users/p15843/.m2/repository/org/slf4j/jul-to-slf4j/1.7.26/jul-to-slf4j-1.7.26.jar:/Users/p15843/.m2/repository/org/yaml/snakeyaml/1.23/snakeyaml-1.23.jar:/Users/p15843/.m2/repository/org/springframework/boot/spring-boot-starter-json/2.1.4.RELEASE/spring-boot-starter-json-2.1.4.RELEASE.jar:/Users/p15843/.m2/repository/com/fasterxml/jackson/core/jackson-databind/2.9.8/jackson-databind-2.9.8.jar:/Users/p15843/.m2/repository/com/fasterxml/jackson/core/jackson-core/2.9.8/jackson-core-2.9.8.jar:/Users/p15843/.m2/repository/com/fasterxml/jackson/datatype/jackson-datatype-jdk8/2.9.8/jackson-datatype-jdk8-2.9.8.jar:/Users/p15843/.m2/repository/com/fasterxml/jackson/datatype/jackson-datatype-jsr310/2.9.8/jackson-datatype-jsr310-2.9.8.jar:/Users/p15843/.m2/repository/com/fasterxml/jackson/module/jackson-module-parameter-names/2.9.8/jackson-module-parameter-names-2.9.8.jar:/Users/p15843/.m2/repository/org/springframework/boot/spring-boot-starter-tomcat/2.1.4.RELEASE/spring-boot-starter-tomcat-2.1.4.RELEASE.jar:/Users/p15843/.m2/repository/org/apache/tomcat/embed/tomcat-embed-core/9.0.17/tomcat-embed-core-9.0.17.jar:/Users/p15843/.m2/repository/org/apache/tomcat/embed/tomcat-embed-el/9.0.17/tomcat-embed-el-9.0.17.jar:/Users/p15843/.m2/repository/org/apache/tomcat/embed/tomcat-embed-websocket/9.0.17/tomcat-embed-websocket-9.0.17.jar:/Users/p15843/.m2/repository/org/hibernate/validator/hibernate-validator/6.0.16.Final/hibernate-validator-6.0.16.Final.jar:/Users/p15843/.m2/repository/javax/validation/validation-api/2.0.1.Final/validation-api-2.0.1.Final.jar:/Users/p15843/.m2/repository/org/jboss/logging/jboss-logging/3.3.2.Final/jboss-logging-3.3.2.Final.jar:/Users/p15843/.m2/repository/org/springframework/spring-web/5.1.6.RELEASE/spring-web-5.1.6.RELEASE.jar:/Users/p15843/.m2/repository/org/springframework/spring-beans/5.1.6.RELEASE/spring-beans-5.1.6.RELEASE.jar:/Users/p15843/.m2/repository/org/springframework/spring-webmvc/5.1.6.RELEASE/spring-webmvc-5.1.6.RELEASE.jar:/Users/p15843/.m2/repository/org/springframework/spring-aop/5.1.6.RELEASE/spring-aop-5.1.6.RELEASE.jar:/Users/p15843/.m2/repository/org/springframework/spring-context/5.1.6.RELEASE/spring-context-5.1.6.RELEASE.jar:/Users/p15843/.m2/repository/org/springframework/spring-expression/5.1.6.RELEASE/spring-expression-5.1.6.RELEASE.jar:/Users/p15843/.m2/repository/com/google/cloud/google-cloud-dialogflow/0.91.0-alpha/google-cloud-dialogflow-0.91.0-alpha.jar:/Users/p15843/.m2/repository/com/google/cloud/google-cloud-core/1.73.0/google-cloud-core-1.73.0.jar:/Users/p15843/.m2/repository/com/google/http-client/google-http-client/1.29.1/google-http-client-1.29.1.jar:/Users/p15843/.m2/repository/org/apache/httpcomponents/httpclient/4.5.8/httpclient-4.5.8.jar:/Users/p15843/.m2/repository/org/apache/httpcomponents/httpcore/4.4.11/httpcore-4.4.11.jar:/Users/p15843/.m2/repository/commons-codec/commons-codec/1.11/commons-codec-1.11.jar:/Users/p15843/.m2/repository/com/google/j2objc/j2objc-annotations/1.1/j2objc-annotations-1.1.jar:/Users/p15843/.m2/repository/io/opencensus/opencensus-api/0.19.2/opencensus-api-0.19.2.jar:/Users/p15843/.m2/repository/io/opencensus/opencensus-contrib-http-util/0.19.2/opencensus-contrib-http-util-0.19.2.jar:/Users/p15843/.m2/repository/com/google/code/findbugs/jsr305/3.0.2/jsr305-3.0.2.jar:/Users/p15843/.m2/repository/com/google/api/api-common/1.8.1/api-common-1.8.1.jar:/Users/p15843/.m2/repository/com/google/api/gax/1.44.0/gax-1.44.0.jar:/Users/p15843/.m2/repository/org/threeten/threetenbp/1.3.3/threetenbp-1.3.3.jar:/Users/p15843/.m2/repository/com/google/auth/google-auth-library-oauth2-http/0.15.0/google-auth-library-oauth2-http-0.15.0.jar:/Users/p15843/.m2/repository/com/google/http-client/google-http-client-jackson2/1.29.0/google-http-client-jackson2-1.29.0.jar:/Users/p15843/.m2/repository/com/google/protobuf/protobuf-java-util/3.7.1/protobuf-java-util-3.7.1.jar:/Users/p15843/.m2/repository/com/google/errorprone/error_prone_annotations/2.3.2/error_prone_annotations-2.3.2.jar:/Users/p15843/.m2/repository/com/google/code/gson/gson/2.8.5/gson-2.8.5.jar:/Users/p15843/.m2/repository/com/google/api/grpc/proto-google-common-protos/1.15.0/proto-google-common-protos-1.15.0.jar:/Users/p15843/.m2/repository/com/google/api/grpc/proto-google-iam-v1/0.12.0/proto-google-iam-v1-0.12.0.jar:/Users/p15843/.m2/repository/com/google/cloud/google-cloud-core-grpc/1.73.0/google-cloud-core-grpc-1.73.0.jar:/Users/p15843/.m2/repository/com/google/auth/google-auth-library-credentials/0.15.0/google-auth-library-credentials-0.15.0.jar:/Users/p15843/.m2/repository/com/google/protobuf/protobuf-java/3.7.1/protobuf-java-3.7.1.jar:/Users/p15843/.m2/repository/io/grpc/grpc-protobuf/1.19.0/grpc-protobuf-1.19.0.jar:/Users/p15843/.m2/repository/io/grpc/grpc-protobuf-lite/1.19.0/grpc-protobuf-lite-1.19.0.jar:/Users/p15843/.m2/repository/io/grpc/grpc-context/1.19.0/grpc-context-1.19.0.jar:/Users/p15843/.m2/repository/com/google/api/gax-grpc/1.44.0/gax-grpc-1.44.0.jar:/Users/p15843/.m2/repository/io/grpc/grpc-alts/1.19.0/grpc-alts-1.19.0.jar:/Users/p15843/.m2/repository/io/grpc/grpc-grpclb/1.19.0/grpc-grpclb-1.19.0.jar:/Users/p15843/.m2/repository/org/apache/commons/commons-lang3/3.8.1/commons-lang3-3.8.1.jar:/Users/p15843/.m2/repository/com/google/api/grpc/proto-google-cloud-dialogflow-v2beta1/0.56.0/proto-google-cloud-dialogflow-v2beta1-0.56.0.jar:/Users/p15843/.m2/repository/com/google/api/grpc/proto-google-cloud-dialogflow-v2/0.56.0/proto-google-cloud-dialogflow-v2-0.56.0.jar:/Users/p15843/.m2/repository/io/grpc/grpc-netty-shaded/1.19.0/grpc-netty-shaded-1.19.0.jar:/Users/p15843/.m2/repository/io/grpc/grpc-core/1.19.0/grpc-core-1.19.0.jar:/Users/p15843/.m2/repository/org/codehaus/mojo/animal-sniffer-annotations/1.17/animal-sniffer-annotations-1.17.jar:/Users/p15843/.m2/repository/io/opencensus/opencensus-contrib-grpc-metrics/0.19.2/opencensus-contrib-grpc-metrics-0.19.2.jar:/Users/p15843/.m2/repository/io/grpc/grpc-stub/1.19.0/grpc-stub-1.19.0.jar:/Users/p15843/.m2/repository/io/grpc/grpc-auth/1.19.0/grpc-auth-1.19.0.jar:/Users/p15843/.m2/repository/javax/annotation/javax.annotation-api/1.3.2/javax.annotation-api-1.3.2.jar:/Users/p15843/.m2/repository/io/springfox/springfox-swagger2/2.8.0/springfox-swagger2-2.8.0.jar:/Users/p15843/.m2/repository/io/swagger/swagger-annotations/1.5.14/swagger-annotations-1.5.14.jar:/Users/p15843/.m2/repository/io/swagger/swagger-models/1.5.14/swagger-models-1.5.14.jar:/Users/p15843/.m2/repository/com/fasterxml/jackson/core/jackson-annotations/2.9.0/jackson-annotations-2.9.0.jar:/Users/p15843/.m2/repository/io/springfox/springfox-spi/2.8.0/springfox-spi-2.8.0.jar:/Users/p15843/.m2/repository/io/springfox/springfox-core/2.8.0/springfox-core-2.8.0.jar:/Users/p15843/.m2/repository/io/springfox/springfox-schema/2.8.0/springfox-schema-2.8.0.jar:/Users/p15843/.m2/repository/io/springfox/springfox-swagger-common/2.8.0/springfox-swagger-common-2.8.0.jar:/Users/p15843/.m2/repository/io/springfox/springfox-spring-web/2.8.0/springfox-spring-web-2.8.0.jar:/Users/p15843/.m2/repository/org/reflections/reflections/0.9.11/reflections-0.9.11.jar:/Users/p15843/.m2/repository/org/javassist/javassist/3.21.0-GA/javassist-3.21.0-GA.jar:/Users/p15843/.m2/repository/com/google/guava/guava/20.0/guava-20.0.jar:/Users/p15843/.m2/repository/com/fasterxml/classmate/1.4.0/classmate-1.4.0.jar:/Users/p15843/.m2/repository/org/slf4j/slf4j-api/1.7.26/slf4j-api-1.7.26.jar:/Users/p15843/.m2/repository/org/springframework/plugin/spring-plugin-core/1.2.0.RELEASE/spring-plugin-core-1.2.0.RELEASE.jar:/Users/p15843/.m2/repository/org/springframework/plugin/spring-plugin-metadata/1.2.0.RELEASE/spring-plugin-metadata-1.2.0.RELEASE.jar:/Users/p15843/.m2/repository/org/mapstruct/mapstruct/1.2.0.Final/mapstruct-1.2.0.Final.jar:/Users/p15843/.m2/repository/io/springfox/springfox-swagger-ui/2.8.0/springfox-swagger-ui-2.8.0.jar:/Users/p15843/.m2/repository/io/springfox/springfox-bean-validators/2.8.0/springfox-bean-validators-2.8.0.jar:/Users/p15843/.m2/repository/org/springframework/boot/spring-boot-devtools/2.1.4.RELEASE/spring-boot-devtools-2.1.4.RELEASE.jar:/Users/p15843/.m2/repository/org/springframework/boot/spring-boot/2.1.4.RELEASE/spring-boot-2.1.4.RELEASE.jar:/Users/p15843/.m2/repository/org/springframework/boot/spring-boot-autoconfigure/2.1.4.RELEASE/spring-boot-autoconfigure-2.1.4.RELEASE.jar:/Users/p15843/.m2/repository/org/springframework/boot/spring-boot-starter-test/2.1.4.RELEASE/spring-boot-starter-test-2.1.4.RELEASE.jar:/Users/p15843/.m2/repository/org/springframework/boot/spring-boot-test/2.1.4.RELEASE/spring-boot-test-2.1.4.RELEASE.jar:/Users/p15843/.m2/repository/org/springframework/boot/spring-boot-test-autoconfigure/2.1.4.RELEASE/spring-boot-test-autoconfigure-2.1.4.RELEASE.jar:/Users/p15843/.m2/repository/com/jayway/jsonpath/json-path/2.4.0/json-path-2.4.0.jar:/Users/p15843/.m2/repository/net/minidev/json-smart/2.3/json-smart-2.3.jar:/Users/p15843/.m2/repository/net/minidev/accessors-smart/1.2/accessors-smart-1.2.jar:/Users/p15843/.m2/repository/org/ow2/asm/asm/5.0.4/asm-5.0.4.jar:/Users/p15843/.m2/repository/junit/junit/4.12/junit-4.12.jar:/Users/p15843/.m2/repository/org/assertj/assertj-core/3.11.1/assertj-core-3.11.1.jar:/Users/p15843/.m2/repository/org/mockito/mockito-core/2.23.4/mockito-core-2.23.4.jar:/Users/p15843/.m2/repository/net/bytebuddy/byte-buddy/1.9.12/byte-buddy-1.9.12.jar:/Users/p15843/.m2/repository/net/bytebuddy/byte-buddy-agent/1.9.12/byte-buddy-agent-1.9.12.jar:/Users/p15843/.m2/repository/org/objenesis/objenesis/2.6/objenesis-2.6.jar:/Users/p15843/.m2/repository/org/hamcrest/hamcrest-core/1.3/hamcrest-core-1.3.jar:/Users/p15843/.m2/repository/org/hamcrest/hamcrest-library/1.3/hamcrest-library-1.3.jar:/Users/p15843/.m2/repository/org/skyscreamer/jsonassert/1.5.0/jsonassert-1.5.0.jar:/Users/p15843/.m2/repository/com/vaadin/external/google/android-json/0.0.20131108.vaadin1/android-json-0.0.20131108.vaadin1.jar:/Users/p15843/.m2/repository/org/springframework/spring-core/5.1.6.RELEASE/spring-core-5.1.6.RELEASE.jar:/Users/p15843/.m2/repository/org/springframework/spring-jcl/5.1.6.RELEASE/spring-jcl-5.1.6.RELEASE.jar:/Users/p15843/.m2/repository/org/springframework/spring-test/5.1.6.RELEASE/spring-test-5.1.6.RELEASE.jar:/Users/p15843/.m2/repository/org/xmlunit/xmlunit-core/2.6.2/xmlunit-core-2.6.2.jar:"/>
        <property name="java.vm.vendor" value="Oracle Corporation"/>
        <property name="sun.arch.data.model" value="64"/>
        <property name="java.vendor.url" value="http://java.oracle.com/"/>
        <property name="user.timezone" value=""/>
        <property name="java.vm.specification.version" value="1.8"/>
        <property name="os.name" value="Mac OS X"/>
        <property name="user.country" value="CH"/>
        <property name="sun.java.launcher" value="SUN_STANDARD"/>
        <property name="sun.boot.library.path"
                  value="/Library/Java/JavaVirtualMachines/jdk1.8.0_202.jdk/Contents/Home/jre/lib"/>
        <property name="sun.java.command"
                  value="/Users/p15843/dev/git/custom/chat-custom-ui/target/surefire/surefirebooter6517108948061525655.jar /Users/p15843/dev/git/custom/chat-custom-ui/target/surefire 2019-05-12T23-40-22_034-jvmRun1 surefire778734818831805488tmp surefire_05532505018503939822tmp"/>
        <property name="http.nonProxyHosts" value="local|*.local|169.254/16|*.169.254/16"/>
        <property name="surefire.test.class.path"
                  value="/Users/p15843/dev/git/custom/chat-custom-ui/target/test-classes:/Users/p15843/dev/git/custom/chat-custom-ui/target/classes:/Users/p15843/.m2/repository/org/springframework/boot/spring-boot-starter-web/2.1.4.RELEASE/spring-boot-starter-web-2.1.4.RELEASE.jar:/Users/p15843/.m2/repository/org/springframework/boot/spring-boot-starter/2.1.4.RELEASE/spring-boot-starter-2.1.4.RELEASE.jar:/Users/p15843/.m2/repository/org/springframework/boot/spring-boot-starter-logging/2.1.4.RELEASE/spring-boot-starter-logging-2.1.4.RELEASE.jar:/Users/p15843/.m2/repository/ch/qos/logback/logback-classic/1.2.3/logback-classic-1.2.3.jar:/Users/p15843/.m2/repository/ch/qos/logback/logback-core/1.2.3/logback-core-1.2.3.jar:/Users/p15843/.m2/repository/org/apache/logging/log4j/log4j-to-slf4j/2.11.2/log4j-to-slf4j-2.11.2.jar:/Users/p15843/.m2/repository/org/apache/logging/log4j/log4j-api/2.11.2/log4j-api-2.11.2.jar:/Users/p15843/.m2/repository/org/slf4j/jul-to-slf4j/1.7.26/jul-to-slf4j-1.7.26.jar:/Users/p15843/.m2/repository/org/yaml/snakeyaml/1.23/snakeyaml-1.23.jar:/Users/p15843/.m2/repository/org/springframework/boot/spring-boot-starter-json/2.1.4.RELEASE/spring-boot-starter-json-2.1.4.RELEASE.jar:/Users/p15843/.m2/repository/com/fasterxml/jackson/core/jackson-databind/2.9.8/jackson-databind-2.9.8.jar:/Users/p15843/.m2/repository/com/fasterxml/jackson/core/jackson-core/2.9.8/jackson-core-2.9.8.jar:/Users/p15843/.m2/repository/com/fasterxml/jackson/datatype/jackson-datatype-jdk8/2.9.8/jackson-datatype-jdk8-2.9.8.jar:/Users/p15843/.m2/repository/com/fasterxml/jackson/datatype/jackson-datatype-jsr310/2.9.8/jackson-datatype-jsr310-2.9.8.jar:/Users/p15843/.m2/repository/com/fasterxml/jackson/module/jackson-module-parameter-names/2.9.8/jackson-module-parameter-names-2.9.8.jar:/Users/p15843/.m2/repository/org/springframework/boot/spring-boot-starter-tomcat/2.1.4.RELEASE/spring-boot-starter-tomcat-2.1.4.RELEASE.jar:/Users/p15843/.m2/repository/org/apache/tomcat/embed/tomcat-embed-core/9.0.17/tomcat-embed-core-9.0.17.jar:/Users/p15843/.m2/repository/org/apache/tomcat/embed/tomcat-embed-el/9.0.17/tomcat-embed-el-9.0.17.jar:/Users/p15843/.m2/repository/org/apache/tomcat/embed/tomcat-embed-websocket/9.0.17/tomcat-embed-websocket-9.0.17.jar:/Users/p15843/.m2/repository/org/hibernate/validator/hibernate-validator/6.0.16.Final/hibernate-validator-6.0.16.Final.jar:/Users/p15843/.m2/repository/javax/validation/validation-api/2.0.1.Final/validation-api-2.0.1.Final.jar:/Users/p15843/.m2/repository/org/jboss/logging/jboss-logging/3.3.2.Final/jboss-logging-3.3.2.Final.jar:/Users/p15843/.m2/repository/org/springframework/spring-web/5.1.6.RELEASE/spring-web-5.1.6.RELEASE.jar:/Users/p15843/.m2/repository/org/springframework/spring-beans/5.1.6.RELEASE/spring-beans-5.1.6.RELEASE.jar:/Users/p15843/.m2/repository/org/springframework/spring-webmvc/5.1.6.RELEASE/spring-webmvc-5.1.6.RELEASE.jar:/Users/p15843/.m2/repository/org/springframework/spring-aop/5.1.6.RELEASE/spring-aop-5.1.6.RELEASE.jar:/Users/p15843/.m2/repository/org/springframework/spring-context/5.1.6.RELEASE/spring-context-5.1.6.RELEASE.jar:/Users/p15843/.m2/repository/org/springframework/spring-expression/5.1.6.RELEASE/spring-expression-5.1.6.RELEASE.jar:/Users/p15843/.m2/repository/com/google/cloud/google-cloud-dialogflow/0.91.0-alpha/google-cloud-dialogflow-0.91.0-alpha.jar:/Users/p15843/.m2/repository/com/google/cloud/google-cloud-core/1.73.0/google-cloud-core-1.73.0.jar:/Users/p15843/.m2/repository/com/google/http-client/google-http-client/1.29.1/google-http-client-1.29.1.jar:/Users/p15843/.m2/repository/org/apache/httpcomponents/httpclient/4.5.8/httpclient-4.5.8.jar:/Users/p15843/.m2/repository/org/apache/httpcomponents/httpcore/4.4.11/httpcore-4.4.11.jar:/Users/p15843/.m2/repository/commons-codec/commons-codec/1.11/commons-codec-1.11.jar:/Users/p15843/.m2/repository/com/google/j2objc/j2objc-annotations/1.1/j2objc-annotations-1.1.jar:/Users/p15843/.m2/repository/io/opencensus/opencensus-api/0.19.2/opencensus-api-0.19.2.jar:/Users/p15843/.m2/repository/io/opencensus/opencensus-contrib-http-util/0.19.2/opencensus-contrib-http-util-0.19.2.jar:/Users/p15843/.m2/repository/com/google/code/findbugs/jsr305/3.0.2/jsr305-3.0.2.jar:/Users/p15843/.m2/repository/com/google/api/api-common/1.8.1/api-common-1.8.1.jar:/Users/p15843/.m2/repository/com/google/api/gax/1.44.0/gax-1.44.0.jar:/Users/p15843/.m2/repository/org/threeten/threetenbp/1.3.3/threetenbp-1.3.3.jar:/Users/p15843/.m2/repository/com/google/auth/google-auth-library-oauth2-http/0.15.0/google-auth-library-oauth2-http-0.15.0.jar:/Users/p15843/.m2/repository/com/google/http-client/google-http-client-jackson2/1.29.0/google-http-client-jackson2-1.29.0.jar:/Users/p15843/.m2/repository/com/google/protobuf/protobuf-java-util/3.7.1/protobuf-java-util-3.7.1.jar:/Users/p15843/.m2/repository/com/google/errorprone/error_prone_annotations/2.3.2/error_prone_annotations-2.3.2.jar:/Users/p15843/.m2/repository/com/google/code/gson/gson/2.8.5/gson-2.8.5.jar:/Users/p15843/.m2/repository/com/google/api/grpc/proto-google-common-protos/1.15.0/proto-google-common-protos-1.15.0.jar:/Users/p15843/.m2/repository/com/google/api/grpc/proto-google-iam-v1/0.12.0/proto-google-iam-v1-0.12.0.jar:/Users/p15843/.m2/repository/com/google/cloud/google-cloud-core-grpc/1.73.0/google-cloud-core-grpc-1.73.0.jar:/Users/p15843/.m2/repository/com/google/auth/google-auth-library-credentials/0.15.0/google-auth-library-credentials-0.15.0.jar:/Users/p15843/.m2/repository/com/google/protobuf/protobuf-java/3.7.1/protobuf-java-3.7.1.jar:/Users/p15843/.m2/repository/io/grpc/grpc-protobuf/1.19.0/grpc-protobuf-1.19.0.jar:/Users/p15843/.m2/repository/io/grpc/grpc-protobuf-lite/1.19.0/grpc-protobuf-lite-1.19.0.jar:/Users/p15843/.m2/repository/io/grpc/grpc-context/1.19.0/grpc-context-1.19.0.jar:/Users/p15843/.m2/repository/com/google/api/gax-grpc/1.44.0/gax-grpc-1.44.0.jar:/Users/p15843/.m2/repository/io/grpc/grpc-alts/1.19.0/grpc-alts-1.19.0.jar:/Users/p15843/.m2/repository/io/grpc/grpc-grpclb/1.19.0/grpc-grpclb-1.19.0.jar:/Users/p15843/.m2/repository/org/apache/commons/commons-lang3/3.8.1/commons-lang3-3.8.1.jar:/Users/p15843/.m2/repository/com/google/api/grpc/proto-google-cloud-dialogflow-v2beta1/0.56.0/proto-google-cloud-dialogflow-v2beta1-0.56.0.jar:/Users/p15843/.m2/repository/com/google/api/grpc/proto-google-cloud-dialogflow-v2/0.56.0/proto-google-cloud-dialogflow-v2-0.56.0.jar:/Users/p15843/.m2/repository/io/grpc/grpc-netty-shaded/1.19.0/grpc-netty-shaded-1.19.0.jar:/Users/p15843/.m2/repository/io/grpc/grpc-core/1.19.0/grpc-core-1.19.0.jar:/Users/p15843/.m2/repository/org/codehaus/mojo/animal-sniffer-annotations/1.17/animal-sniffer-annotations-1.17.jar:/Users/p15843/.m2/repository/io/opencensus/opencensus-contrib-grpc-metrics/0.19.2/opencensus-contrib-grpc-metrics-0.19.2.jar:/Users/p15843/.m2/repository/io/grpc/grpc-stub/1.19.0/grpc-stub-1.19.0.jar:/Users/p15843/.m2/repository/io/grpc/grpc-auth/1.19.0/grpc-auth-1.19.0.jar:/Users/p15843/.m2/repository/javax/annotation/javax.annotation-api/1.3.2/javax.annotation-api-1.3.2.jar:/Users/p15843/.m2/repository/io/springfox/springfox-swagger2/2.8.0/springfox-swagger2-2.8.0.jar:/Users/p15843/.m2/repository/io/swagger/swagger-annotations/1.5.14/swagger-annotations-1.5.14.jar:/Users/p15843/.m2/repository/io/swagger/swagger-models/1.5.14/swagger-models-1.5.14.jar:/Users/p15843/.m2/repository/com/fasterxml/jackson/core/jackson-annotations/2.9.0/jackson-annotations-2.9.0.jar:/Users/p15843/.m2/repository/io/springfox/springfox-spi/2.8.0/springfox-spi-2.8.0.jar:/Users/p15843/.m2/repository/io/springfox/springfox-core/2.8.0/springfox-core-2.8.0.jar:/Users/p15843/.m2/repository/io/springfox/springfox-schema/2.8.0/springfox-schema-2.8.0.jar:/Users/p15843/.m2/repository/io/springfox/springfox-swagger-common/2.8.0/springfox-swagger-common-2.8.0.jar:/Users/p15843/.m2/repository/io/springfox/springfox-spring-web/2.8.0/springfox-spring-web-2.8.0.jar:/Users/p15843/.m2/repository/org/reflections/reflections/0.9.11/reflections-0.9.11.jar:/Users/p15843/.m2/repository/org/javassist/javassist/3.21.0-GA/javassist-3.21.0-GA.jar:/Users/p15843/.m2/repository/com/google/guava/guava/20.0/guava-20.0.jar:/Users/p15843/.m2/repository/com/fasterxml/classmate/1.4.0/classmate-1.4.0.jar:/Users/p15843/.m2/repository/org/slf4j/slf4j-api/1.7.26/slf4j-api-1.7.26.jar:/Users/p15843/.m2/repository/org/springframework/plugin/spring-plugin-core/1.2.0.RELEASE/spring-plugin-core-1.2.0.RELEASE.jar:/Users/p15843/.m2/repository/org/springframework/plugin/spring-plugin-metadata/1.2.0.RELEASE/spring-plugin-metadata-1.2.0.RELEASE.jar:/Users/p15843/.m2/repository/org/mapstruct/mapstruct/1.2.0.Final/mapstruct-1.2.0.Final.jar:/Users/p15843/.m2/repository/io/springfox/springfox-swagger-ui/2.8.0/springfox-swagger-ui-2.8.0.jar:/Users/p15843/.m2/repository/io/springfox/springfox-bean-validators/2.8.0/springfox-bean-validators-2.8.0.jar:/Users/p15843/.m2/repository/org/springframework/boot/spring-boot-devtools/2.1.4.RELEASE/spring-boot-devtools-2.1.4.RELEASE.jar:/Users/p15843/.m2/repository/org/springframework/boot/spring-boot/2.1.4.RELEASE/spring-boot-2.1.4.RELEASE.jar:/Users/p15843/.m2/repository/org/springframework/boot/spring-boot-autoconfigure/2.1.4.RELEASE/spring-boot-autoconfigure-2.1.4.RELEASE.jar:/Users/p15843/.m2/repository/org/springframework/boot/spring-boot-starter-test/2.1.4.RELEASE/spring-boot-starter-test-2.1.4.RELEASE.jar:/Users/p15843/.m2/repository/org/springframework/boot/spring-boot-test/2.1.4.RELEASE/spring-boot-test-2.1.4.RELEASE.jar:/Users/p15843/.m2/repository/org/springframework/boot/spring-boot-test-autoconfigure/2.1.4.RELEASE/spring-boot-test-autoconfigure-2.1.4.RELEASE.jar:/Users/p15843/.m2/repository/com/jayway/jsonpath/json-path/2.4.0/json-path-2.4.0.jar:/Users/p15843/.m2/repository/net/minidev/json-smart/2.3/json-smart-2.3.jar:/Users/p15843/.m2/repository/net/minidev/accessors-smart/1.2/accessors-smart-1.2.jar:/Users/p15843/.m2/repository/org/ow2/asm/asm/5.0.4/asm-5.0.4.jar:/Users/p15843/.m2/repository/junit/junit/4.12/junit-4.12.jar:/Users/p15843/.m2/repository/org/assertj/assertj-core/3.11.1/assertj-core-3.11.1.jar:/Users/p15843/.m2/repository/org/mockito/mockito-core/2.23.4/mockito-core-2.23.4.jar:/Users/p15843/.m2/repository/net/bytebuddy/byte-buddy/1.9.12/byte-buddy-1.9.12.jar:/Users/p15843/.m2/repository/net/bytebuddy/byte-buddy-agent/1.9.12/byte-buddy-agent-1.9.12.jar:/Users/p15843/.m2/repository/org/objenesis/objenesis/2.6/objenesis-2.6.jar:/Users/p15843/.m2/repository/org/hamcrest/hamcrest-core/1.3/hamcrest-core-1.3.jar:/Users/p15843/.m2/repository/org/hamcrest/hamcrest-library/1.3/hamcrest-library-1.3.jar:/Users/p15843/.m2/repository/org/skyscreamer/jsonassert/1.5.0/jsonassert-1.5.0.jar:/Users/p15843/.m2/repository/com/vaadin/external/google/android-json/0.0.20131108.vaadin1/android-json-0.0.20131108.vaadin1.jar:/Users/p15843/.m2/repository/org/springframework/spring-core/5.1.6.RELEASE/spring-core-5.1.6.RELEASE.jar:/Users/p15843/.m2/repository/org/springframework/spring-jcl/5.1.6.RELEASE/spring-jcl-5.1.6.RELEASE.jar:/Users/p15843/.m2/repository/org/springframework/spring-test/5.1.6.RELEASE/spring-test-5.1.6.RELEASE.jar:/Users/p15843/.m2/repository/org/xmlunit/xmlunit-core/2.6.2/xmlunit-core-2.6.2.jar:"/>
        <property name="sun.cpu.endian" value="little"/>
        <property name="user.home" value="/Users/p15843"/>
        <property name="user.language" value="de"/>
        <property name="java.specification.vendor" value="Oracle Corporation"/>
        <property name="java.home" value="/Library/Java/JavaVirtualMachines/jdk1.8.0_202.jdk/Contents/Home/jre"/>
        <property name="basedir" value="/Users/p15843/dev/git/custom/chat-custom-ui"/>
        <property name="file.separator" value="/"/>
        <property name="line.separator" value="&#10;"/>
        <property name="java.vm.specification.vendor" value="Oracle Corporation"/>
        <property name="java.specification.name" value="Java Platform API Specification"/>
        <property name="java.awt.graphicsenv" value="sun.awt.CGraphicsEnvironment"/>
        <property name="surefire.real.class.path"
                  value="/Users/p15843/dev/git/custom/chat-custom-ui/target/surefire/surefirebooter6517108948061525655.jar"/>
        <property name="sun.boot.class.path"
                  value="/Library/Java/JavaVirtualMachines/jdk1.8.0_202.jdk/Contents/Home/jre/lib/resources.jar:/Library/Java/JavaVirtualMachines/jdk1.8.0_202.jdk/Contents/Home/jre/lib/rt.jar:/Library/Java/JavaVirtualMachines/jdk1.8.0_202.jdk/Contents/Home/jre/lib/sunrsasign.jar:/Library/Java/JavaVirtualMachines/jdk1.8.0_202.jdk/Contents/Home/jre/lib/jsse.jar:/Library/Java/JavaVirtualMachines/jdk1.8.0_202.jdk/Contents/Home/jre/lib/jce.jar:/Library/Java/JavaVirtualMachines/jdk1.8.0_202.jdk/Contents/Home/jre/lib/charsets.jar:/Library/Java/JavaVirtualMachines/jdk1.8.0_202.jdk/Contents/Home/jre/lib/jfr.jar:/Library/Java/JavaVirtualMachines/jdk1.8.0_202.jdk/Contents/Home/jre/classes"/>
        <property name="sun.management.compiler" value="HotSpot 64-Bit Tiered Compilers"/>
        <property name="ftp.nonProxyHosts" value="local|*.local|169.254/16|*.169.254/16"/>
        <property name="java.runtime.version" value="1.8.0_202-b08"/>
        <property name="user.name" value="p15843"/>
        <property name="path.separator" value=":"/>
        <property name="os.version" value="10.14.4"/>
        <property name="java.endorsed.dirs"
                  value="/Library/Java/JavaVirtualMachines/jdk1.8.0_202.jdk/Contents/Home/jre/lib/endorsed"/>
        <property name="java.runtime.name" value="Java(TM) SE Runtime Environment"/>
        <property name="file.encoding" value="UTF-8"/>
        <property name="java.vm.name" value="Java HotSpot(TM) 64-Bit Server VM"/>
        <property name="localRepository" value="/Users/p15843/.m2/repository"/>
        <property name="java.vendor.url.bug" value="http://bugreport.sun.com/bugreport/"/>
        <property name="java.io.tmpdir" value="/var/folders/g1/1ynjztyn5kxdc97vqll0s3l00000gn/T/"/>
        <property name="java.version" value="1.8.0_202"/>
        <property name="user.dir" value="/Users/p15843/dev/git/custom/chat-custom-ui"/>
        <property name="os.arch" value="x86_64"/>
        <property name="java.vm.specification.name" value="Java Virtual Machine Specification"/>
        <property name="java.awt.printerjob" value="sun.lwawt.macosx.CPrinterJob"/>
        <property name="sun.os.patch.level" value="unknown"/>
        <property name="java.library.path"
                  value="/Users/p15843/Library/Java/Extensions:/Library/Java/Extensions:/Network/Library/Java/Extensions:/System/Library/Java/Extensions:/usr/lib/java:."/>
        <property name="java.vm.info" value="mixed mode"/>
        <property name="java.vendor" value="Oracle Corporation"/>
        <property name="java.vm.version" value="25.202-b08"/>
        <property name="java.ext.dirs"
                  value="/Users/p15843/Library/Java/Extensions:/Library/Java/JavaVirtualMachines/jdk1.8.0_202.jdk/Contents/Home/jre/lib/ext:/Library/Java/Extensions:/Network/Library/Java/Extensions:/System/Library/Java/Extensions:/usr/lib/java"/>
        <property name="sun.io.unicode.encoding" value="UnicodeBig"/>
        <property name="java.class.version" value="52.0"/>
        <property name="socksNonProxyHosts" value="local|*.local|169.254/16|*.169.254/16"/>
    </properties>
    <testcase name="contextLoads" classname="com.zberg.sample.chatbot.ChatCustomUiApplicationTests" time="0.103"/>
</testsuite>